[html.vecurosoft.com/luxrio/demo/index.html]
[backblue.gif]
[fade.gif]
[index.html]
[html.vecurosoft.com/luxrio/demo/assets/img/favicons/apple-icon-57x57.png]
[html.vecurosoft.com/luxrio/demo/assets/img/favicons/apple-icon-60x60.png]
[html.vecurosoft.com/luxrio/demo/assets/img/favicons/apple-icon-72x72.png]
[html.vecurosoft.com/luxrio/demo/assets/img/favicons/apple-icon-76x76.png]
[html.vecurosoft.com/luxrio/demo/assets/img/favicons/apple-icon-114x114.png]
[html.vecurosoft.com/luxrio/demo/assets/img/favicons/apple-icon-120x120.png]
[html.vecurosoft.com/luxrio/demo/assets/img/favicons/apple-icon-144x144.png]
[html.vecurosoft.com/luxrio/demo/assets/img/favicons/apple-icon-152x152.png]
[html.vecurosoft.com/luxrio/demo/assets/img/favicons/apple-icon-180x180.png]
[html.vecurosoft.com/luxrio/demo/assets/img/favicons/favicon-32x32.png]
[html.vecurosoft.com/luxrio/demo/assets/img/favicons/favicon-96x96.png]
[html.vecurosoft.com/luxrio/demo/assets/img/favicons/favicon-16x16.png]
[html.vecurosoft.com/luxrio/demo/assets/img/favicons/manifest.json]
[html.vecurosoft.com/luxrio/demo/assets/img/favicons/ms-icon-144x144.png]
[html.vecurosoft.com/luxrio/demo/assets/css/bootstrap.min.css]
[html.vecurosoft.com/luxrio/demo/assets/css/magnific-popup.min.css]
[html.vecurosoft.com/luxrio/demo/assets/css/fontawesome.min.css]
[html.vecurosoft.com/luxrio/demo/assets/css/slick.min.css]
[html.vecurosoft.com/luxrio/demo/assets/css/animate.min.css]
[html.vecurosoft.com/luxrio/demo/assets/css/style.css]
[html.vecurosoft.com/luxrio/demo/assets/img/logo.png]
[html.vecurosoft.com/luxrio/demo/index-2.html]
[html.vecurosoft.com/luxrio/demo/index-3.html]
[html.vecurosoft.com/luxrio/demo/about.html]
[html.vecurosoft.com/luxrio/demo/faq.html]
[html.vecurosoft.com/luxrio/demo/shop-sidebar.html]
[html.vecurosoft.com/luxrio/demo/shop.html]
[html.vecurosoft.com/luxrio/demo/blog.html]
[html.vecurosoft.com/luxrio/demo/blog-list.html]
[html.vecurosoft.com/luxrio/demo/blog-details.html]
[html.vecurosoft.com/luxrio/demo/shop-details.html]
[html.vecurosoft.com/luxrio/demo/cart.html]
[html.vecurosoft.com/luxrio/demo/checkout.html]
[html.vecurosoft.com/luxrio/demo/404.html]
[html.vecurosoft.com/luxrio/demo/contact.html]
[html.vecurosoft.com/luxrio/demo/assets/img/popup/popup-bg.png]
[html.vecurosoft.com/luxrio/demo/assets/img/popup/img-1-1.jpg]
[html.vecurosoft.com/luxrio/demo/assets/img/hero/hero-outside-1-1.png]
[html.vecurosoft.com/luxrio/demo/assets/img/hero/hero-outside-1-2.png]
[html.vecurosoft.com/luxrio/demo/assets/img/hero/hero-slide-1-1-1.png]
[html.vecurosoft.com/luxrio/demo/assets/img/hero/hero-slide-1-1-2.png]
[html.vecurosoft.com/luxrio/demo/assets/img/hero/hero-slide-1-1-3.jpg]
[html.vecurosoft.com/luxrio/demo/assets/img/hero/hero-slide-1-1-4.png]
[html.vecurosoft.com/luxrio/demo/assets/img/hero/hero-slide-1-2-2.png]
[html.vecurosoft.com/luxrio/demo/assets/img/hero/hero-slide-1-2-3.jpg]
[html.vecurosoft.com/luxrio/demo/assets/img/products/product-1-1.jpg]
[html.vecurosoft.com/luxrio/demo/assets/img/products/product-1-2.jpg]
[html.vecurosoft.com/luxrio/demo/assets/img/products/product-1-3.jpg]
[html.vecurosoft.com/luxrio/demo/assets/img/products/product-1-4.jpg]
[html.vecurosoft.com/luxrio/demo/assets/img/categories/cate-bg-1-1.png]
[html.vecurosoft.com/luxrio/demo/assets/img/categories/cate-main-1-1.jpg]
[html.vecurosoft.com/luxrio/demo/assets/img/categories/cate-1-1.jpg]
[html.vecurosoft.com/luxrio/demo/assets/img/categories/cate-1-2.jpg]
[html.vecurosoft.com/luxrio/demo/assets/img/categories/cate-1-3.jpg]
[html.vecurosoft.com/luxrio/demo/assets/img/products2/product-img-1.jpg]
[html.vecurosoft.com/luxrio/demo/assets/img/products2/product-1-1.png]
[html.vecurosoft.com/luxrio/demo/assets/img/products2/product-1-2.png]
[html.vecurosoft.com/luxrio/demo/assets/img/products2/product-1-3.png]
[html.vecurosoft.com/luxrio/demo/assets/img/products2/product-1-4.png]
[html.vecurosoft.com/luxrio/demo/assets/img/testimonials/testi-bg-1-1.png]
[html.vecurosoft.com/luxrio/demo/assets/img/testimonials/testi-1-1.jpg]
[html.vecurosoft.com/luxrio/demo/assets/img/testimonials/testi-thumb-1-1.jpg]
[html.vecurosoft.com/luxrio/demo/assets/img/testimonials/testi-thumb-1-2.jpg]
[html.vecurosoft.com/luxrio/demo/assets/img/offer/offer-1-1.png]
[html.vecurosoft.com/luxrio/demo/assets/img/offer/offer-1-2.png]
[html.vecurosoft.com/luxrio/demo/assets/img/blog/blog-img-1-1.jpg]
[html.vecurosoft.com/luxrio/demo/assets/img/blog/blog-img-1-2.jpg]
[html.vecurosoft.com/luxrio/demo/assets/img/blog/blog-img-1-3.jpg]
[html.vecurosoft.com/luxrio/demo/assets/img/quote/quote-bg-1-1.jpg]
[html.vecurosoft.com/luxrio/demo/assets/img/instagram/inssta-1-1.jpg]
[html.vecurosoft.com/luxrio/demo/assets/img/instagram/inssta-1-2.jpg]
[html.vecurosoft.com/luxrio/demo/assets/img/instagram/inssta-1-3.jpg]
[html.vecurosoft.com/luxrio/demo/assets/img/instagram/inssta-1-4.jpg]
[html.vecurosoft.com/luxrio/demo/assets/img/instagram/inssta-1-5.jpg]
[html.vecurosoft.com/luxrio/demo/assets/img/instagram/inssta-1-6.jpg]
[html.vecurosoft.com/luxrio/demo/assets/js/vendor/jquery-3.6.0.min.js]
[html.vecurosoft.com/luxrio/demo/assets/js/jquery-ui.min.js]
[html.vecurosoft.com/luxrio/demo/assets/js/slick.min.js]
[html.vecurosoft.com/luxrio/demo/assets/js/bootstrap.min.js]
[html.vecurosoft.com/luxrio/demo/assets/js/wow.min.js]
[html.vecurosoft.com/luxrio/demo/assets/js/jquery.magnific-popup.min.js]
[html.vecurosoft.com/luxrio/demo/assets/js/imagesloaded.pkgd.min.js]
[html.vecurosoft.com/luxrio/demo/assets/js/gsap.min.js]
[html.vecurosoft.com/luxrio/demo/assets/js/ScrollTrigger.min.js]
[html.vecurosoft.com/luxrio/demo/assets/js/ScrollToPlugin.min.js]
[html.vecurosoft.com/luxrio/demo/assets/js/SplitText.min.js]
[html.vecurosoft.com/luxrio/demo/assets/js/bundled-lenis.min.js]
[html.vecurosoft.com/luxrio/demo/assets/js/main.js]
[html.vecurosoft.com/luxrio/demo/index.html]
[html.vecurosoft.com/luxrio/demo/assets/css/bootstrap.min.css]
[html.vecurosoft.com/luxrio/demo/assets/fonts/fa-brands-400.woff2]
[html.vecurosoft.com/luxrio/demo/assets/fonts/fa-duotone-900.woff2]
[html.vecurosoft.com/luxrio/demo/assets/fonts/fa-light-300.woff2]
[html.vecurosoft.com/luxrio/demo/assets/fonts/fa-regular-400.woff2]
[html.vecurosoft.com/luxrio/demo/assets/fonts/fa-solid-900.woff2]
[html.vecurosoft.com/luxrio/demo/assets/fonts/fa-thin-100.woff2]
[html.vecurosoft.com/luxrio/demo/assets/fonts/fa-v4compatibility.woff2]
[html.vecurosoft.com/luxrio/demo/assets/css/fontawesome.min.css]
[html.vecurosoft.com/luxrio/demo/assets/css/magnific-popup.min.css]
[html.vecurosoft.com/luxrio/demo/assets/css/slick.min.css]
[html.vecurosoft.com/luxrio/demo/assets/css/animate.min.css]
[html.vecurosoft.com/luxrio/demo/assets/css/style.css]
[html.vecurosoft.com/luxrio/demo/assets/img/logo.svg]
[html.vecurosoft.com/luxrio/demo/assets/img/hero/hero-bg-2-2.jpg]
[html.vecurosoft.com/luxrio/demo/assets/img/hero/hero-slide-2-1.png]
[html.vecurosoft.com/luxrio/demo/assets/img/hero/hero-bg-2-1.jpg]
[html.vecurosoft.com/luxrio/demo/assets/img/hero/hero-bg-2-3.jpg]
[html.vecurosoft.com/luxrio/demo/assets/img/products5/product-1-1.png]
[html.vecurosoft.com/luxrio/demo/assets/img/products5/product-1-2.png]
[html.vecurosoft.com/luxrio/demo/assets/img/products5/product-1-3.png]
[html.vecurosoft.com/luxrio/demo/assets/img/products5/product-1-4.png]
[html.vecurosoft.com/luxrio/demo/assets/img/products5/product-1-5.png]
[html.vecurosoft.com/luxrio/demo/assets/img/gallery/item-1-1.jpg]
[html.vecurosoft.com/luxrio/demo/assets/img/gallery/item-1-2.jpg]
[html.vecurosoft.com/luxrio/demo/assets/img/gallery/item-1-3.jpg]
[html.vecurosoft.com/luxrio/demo/assets/img/gallery/item-1-4.jpg]
[html.vecurosoft.com/luxrio/demo/assets/img/products5/product-1-6.png]
[html.vecurosoft.com/luxrio/demo/assets/img/products5/product-1-7.png]
[html.vecurosoft.com/luxrio/demo/assets/img/products5/product-1-8.png]
[html.vecurosoft.com/luxrio/demo/assets/img/products5/product-1-9.png]
[html.vecurosoft.com/luxrio/demo/assets/img/bg/deal-bg-1-1.jpg]
[html.vecurosoft.com/luxrio/demo/assets/img/deal/deal-img1.jpg]
[html.vecurosoft.com/luxrio/demo/assets/img/shapes/ele-j-2-1.png]
[html.vecurosoft.com/luxrio/demo/assets/img/shapes/ele-j-2-2.png]
[html.vecurosoft.com/luxrio/demo/assets/img/about/about-1-3.jpg]
[html.vecurosoft.com/luxrio/demo/assets/img/about/about-1-4.jpg]
[html.vecurosoft.com/luxrio/demo/assets/img/footer/footer-image-1-1.png]
[html.vecurosoft.com/luxrio/demo/assets/img/footer/payments.png]
[html.vecurosoft.com/luxrio/demo/index-2.html]
[html.vecurosoft.com/luxrio/demo/assets/img/hero/hero-bg-3-1.jpg]
[html.vecurosoft.com/luxrio/demo/assets/img/hero/hero-bg-3-1-2.png]
[html.vecurosoft.com/luxrio/demo/assets/img/hero/hero-bg-3-1-3.png]
[html.vecurosoft.com/luxrio/demo/assets/img/banner/banner-bg-1-1.png]
[html.vecurosoft.com/luxrio/demo/assets/img/banner/banner-watch-1-1.png]
[html.vecurosoft.com/luxrio/demo/assets/img/banner/banner-bg-1-2.png]
[html.vecurosoft.com/luxrio/demo/assets/img/banner/banner-watch-1-2.png]
[html.vecurosoft.com/luxrio/demo/assets/img/product6/pro-1-1.png]
[html.vecurosoft.com/luxrio/demo/assets/img/product6/pro-1-2.png]
[html.vecurosoft.com/luxrio/demo/assets/img/product6/pro-1-3.png]
[html.vecurosoft.com/luxrio/demo/assets/img/product6/pro-1-4.png]
[html.vecurosoft.com/luxrio/demo/assets/img/product6/pro-1-5.png]
[html.vecurosoft.com/luxrio/demo/assets/img/categories/cate-ele-2-1.png]
[html.vecurosoft.com/luxrio/demo/assets/img/categories/cate-main-2-1.jpg]
[html.vecurosoft.com/luxrio/demo/assets/img/categories/cate-2-1.png]
[html.vecurosoft.com/luxrio/demo/assets/img/categories/cate-2-2.png]
[html.vecurosoft.com/luxrio/demo/assets/img/categories/cate-2-3.png]
[html.vecurosoft.com/luxrio/demo/assets/img/bg/process-bg.png]
[html.vecurosoft.com/luxrio/demo/assets/img/process/process-img-1-1.png]
[html.vecurosoft.com/luxrio/demo/assets/img/products6/product-1-1.png]
[html.vecurosoft.com/luxrio/demo/assets/img/products6/product-1-2.png]
[html.vecurosoft.com/luxrio/demo/assets/img/products6/product-1-3.png]
[html.vecurosoft.com/luxrio/demo/assets/img/products6/product-1-4.png]
[html.vecurosoft.com/luxrio/demo/assets/img/products6/product-1-5.png]
[html.vecurosoft.com/luxrio/demo/assets/img/products6/product-1-6.png]
[html.vecurosoft.com/luxrio/demo/assets/img/products6/product-1-7.png]
[html.vecurosoft.com/luxrio/demo/assets/img/products6/product-1-8.png]
[html.vecurosoft.com/luxrio/demo/assets/img/bg/video-bg-3-1.jpg]
[html.vecurosoft.com/luxrio/demo/assets/img/shapes/h3-ele-2.png]
[html.vecurosoft.com/luxrio/demo/assets/img/shapes/h3-ele-3.png]
[html.vecurosoft.com/luxrio/demo/assets/img/testimonials/testi-left.png]
[html.vecurosoft.com/luxrio/demo/assets/img/instagram/inssta-2-1.jpg]
[html.vecurosoft.com/luxrio/demo/assets/img/instagram/inssta-2-2.jpg]
[html.vecurosoft.com/luxrio/demo/assets/img/instagram/inssta-2-3.jpg]
[html.vecurosoft.com/luxrio/demo/assets/img/instagram/inssta-2-4.jpg]
[html.vecurosoft.com/luxrio/demo/assets/img/instagram/inssta-2-5.jpg]
[html.vecurosoft.com/luxrio/demo/index-3.html]
[html.vecurosoft.com/luxrio/demo/assets/img/shapes/aboutpage-ele1.png]
[html.vecurosoft.com/luxrio/demo/assets/img/shapes/aboutpage-ele2.png]
[html.vecurosoft.com/luxrio/demo/assets/img/author/about-auth-1-1.jpg]
[html.vecurosoft.com/luxrio/demo/assets/img/about/about-1-1.jpg]
[html.vecurosoft.com/luxrio/demo/about.html]
[html.vecurosoft.com/luxrio/demo/assets/img/bg/breadcumb-bg-4.jpg]
[html.vecurosoft.com/luxrio/demo/faq.html]
[html.vecurosoft.com/luxrio/demo/assets/img/bg/breadcumb-bg-2.jpg]
[html.vecurosoft.com/luxrio/demo/assets/img/products4/p-s-1-1.png]
[html.vecurosoft.com/luxrio/demo/assets/img/products4/p-s-1-2.png]
[html.vecurosoft.com/luxrio/demo/assets/img/products4/p-s-1-3.png]
[html.vecurosoft.com/luxrio/demo/assets/img/widget/gal-s-1-1.jpg]
[html.vecurosoft.com/luxrio/demo/assets/img/widget/gal-s-1-2.jpg]
[html.vecurosoft.com/luxrio/demo/assets/img/widget/gal-s-1-3.jpg]
[html.vecurosoft.com/luxrio/demo/assets/img/widget/gal-s-1-4.jpg]
[html.vecurosoft.com/luxrio/demo/assets/img/product5/p-s-1-1.png]
[html.vecurosoft.com/luxrio/demo/assets/img/product5/p-s-1-2.png]
[html.vecurosoft.com/luxrio/demo/assets/img/product5/p-s-1-3.png]
[html.vecurosoft.com/luxrio/demo/assets/img/product5/p-s-1-4.png]
[html.vecurosoft.com/luxrio/demo/assets/img/product5/p-s-1-5.png]
[html.vecurosoft.com/luxrio/demo/assets/img/product5/p-s-1-6.png]
[html.vecurosoft.com/luxrio/demo/assets/img/product5/p-s-1-7.png]
[html.vecurosoft.com/luxrio/demo/assets/img/product5/p-s-1-8.png]
[html.vecurosoft.com/luxrio/demo/assets/img/product5/p-s-1-9.png]
[html.vecurosoft.com/luxrio/demo/shop-sidebar.html]
[html.vecurosoft.com/luxrio/demo/assets/img/bg/breadcumb-bg-3.jpg]
[html.vecurosoft.com/luxrio/demo/assets/img/product3/product-s-1-1.png]
[html.vecurosoft.com/luxrio/demo/assets/img/product3/product-s-1-2.png]
[html.vecurosoft.com/luxrio/demo/assets/img/product3/product-s-1-3.png]
[html.vecurosoft.com/luxrio/demo/assets/img/product3/product-s-1-4.png]
[html.vecurosoft.com/luxrio/demo/assets/img/product3/product-s-1-5.png]
[html.vecurosoft.com/luxrio/demo/assets/img/product3/product-s-1-6.png]
[html.vecurosoft.com/luxrio/demo/assets/img/product3/product-s-1-7.png]
[html.vecurosoft.com/luxrio/demo/assets/img/product3/product-s-1-8.png]
[html.vecurosoft.com/luxrio/demo/assets/img/product3/product-s-1-9.png]
[html.vecurosoft.com/luxrio/demo/assets/img/product3/product-s-1-10.png]
[html.vecurosoft.com/luxrio/demo/shop.html]
[html.vecurosoft.com/luxrio/demo/products-grid.html]
[html.vecurosoft.com/luxrio/demo/assets/img/bg/breadcumb-bg-1.jpg]
[html.vecurosoft.com/luxrio/demo/assets/img/blog/blog-big-1-1.jpg]
[html.vecurosoft.com/luxrio/demo/assets/img/blog/blog-big-1-2.jpg]
[html.vecurosoft.com/luxrio/demo/assets/img/blog/blog-big-1-3.jpg]
[html.vecurosoft.com/luxrio/demo/assets/img/blog/widget-profile-img-1-1.jpg]
[html.vecurosoft.com/luxrio/demo/assets/img/blog/recent-post-1-1.jpg]
[html.vecurosoft.com/luxrio/demo/assets/img/blog/recent-post-1-2.jpg]
[html.vecurosoft.com/luxrio/demo/assets/img/blog/recent-post-1-3.jpg]
[html.vecurosoft.com/luxrio/demo/assets/img/widget/gal-1-1.jpg]
[html.vecurosoft.com/luxrio/demo/assets/img/widget/gal-1-2.jpg]
[html.vecurosoft.com/luxrio/demo/assets/img/widget/gal-1-3.jpg]
[html.vecurosoft.com/luxrio/demo/assets/img/widget/gal-1-4.jpg]
[html.vecurosoft.com/luxrio/demo/assets/img/widget/gal-1-5.jpg]
[html.vecurosoft.com/luxrio/demo/assets/img/widget/gal-1-6.jpg]
[html.vecurosoft.com/luxrio/demo/blog.html]
[html.vecurosoft.com/luxrio/demo/assets/img/blog/blog-list-1-1.jpg]
[html.vecurosoft.com/luxrio/demo/assets/img/blog/blog-list-1-2.jpg]
[html.vecurosoft.com/luxrio/demo/assets/img/blog/blog-list-1-3.jpg]
[html.vecurosoft.com/luxrio/demo/assets/img/blog/blog-list-1-4.jpg]
[html.vecurosoft.com/luxrio/demo/assets/img/blog/blog-list-1-5.jpg]
[html.vecurosoft.com/luxrio/demo/blog-list.html]
[html.vecurosoft.com/luxrio/demo/assets/img/blog/blog-d-1-1.jpg]
[html.vecurosoft.com/luxrio/demo/assets/img/blog/blog-d-1-2.jpg]
[html.vecurosoft.com/luxrio/demo/assets/img/blog/blog-d-1-8.jpg]
[html.vecurosoft.com/luxrio/demo/assets/img/blog/blog-d-1-9.jpg]
[html.vecurosoft.com/luxrio/demo/assets/img/blog/blog-d-1-10.jpg]
[html.vecurosoft.com/luxrio/demo/blog-details.html]
[html.vecurosoft.com/luxrio/demo/assets/img/shop/shop-d-small-1-1.png]
[html.vecurosoft.com/luxrio/demo/assets/img/shop/shop-d-small-1-2.png]
[html.vecurosoft.com/luxrio/demo/assets/img/shop/shop-d-small-1-3.png]
[html.vecurosoft.com/luxrio/demo/assets/img/shop/shop-d-small-1-4.png]
[html.vecurosoft.com/luxrio/demo/assets/img/shop/shop-d-small-1-5.png]
[html.vecurosoft.com/luxrio/demo/assets/img/shop/shop-d-big-1-1.png]
[html.vecurosoft.com/luxrio/demo/assets/img/shop/shop-d-big-1-2.png]
[html.vecurosoft.com/luxrio/demo/assets/img/shop/shop-d-big-1-3.png]
[html.vecurosoft.com/luxrio/demo/assets/img/shop/shop-d-big-1-4.png]
[html.vecurosoft.com/luxrio/demo/assets/img/shop/shop-d-big-1-5.png]
[html.vecurosoft.com/luxrio/demo/assets/img/shop/reviewer-1.jpg]
[html.vecurosoft.com/luxrio/demo/assets/img/products2/product-r-1-1.png]
[html.vecurosoft.com/luxrio/demo/assets/img/products2/product-r-1-2.png]
[html.vecurosoft.com/luxrio/demo/assets/img/products2/product-r-1-3.png]
[html.vecurosoft.com/luxrio/demo/assets/img/products2/product-r-1-4.png]
[html.vecurosoft.com/luxrio/demo/shop-details.html]
[html.vecurosoft.com/luxrio/demo/assets/img/shop/product-1-1.png]
[html.vecurosoft.com/luxrio/demo/cart.html]
[html.vecurosoft.com/luxrio/demo/checkout.html]
[html.vecurosoft.com/luxrio/demo/404.html]
[html.vecurosoft.com/luxrio/demo/contact.html]
[html.vecurosoft.com/luxrio/demo/assets/img/shapes/ele-1-1.svg]
[html.vecurosoft.com/luxrio/demo/assets/img/shapes/ele-1-2.svg]
[html.vecurosoft.com/luxrio/demo/assets/img/shapes/title-shape-1.svg]
[html.vecurosoft.com/luxrio/demo/assets/img/categories/cate-ele-1-1.svg]
[html.vecurosoft.com/luxrio/demo/assets/img/shapes/cate-shape-1.svg]
[html.vecurosoft.com/luxrio/demo/assets/img/shapes/title-shape-2.svg]
[html.vecurosoft.com/luxrio/demo/assets/img/shapes/ele-p-1-1.svg]
[html.vecurosoft.com/luxrio/demo/assets/img/shapes/ele-p-1-2.svg]
[html.vecurosoft.com/luxrio/demo/assets/img/shapes/ele-p-1-3.svg]
[html.vecurosoft.com/luxrio/demo/assets/img/shapes/ele-p-1-4.svg]
[html.vecurosoft.com/luxrio/demo/assets/img/products2/product-ele-1.svg]
[html.vecurosoft.com/luxrio/demo/assets/img/products2/product-ele-2.svg]
[html.vecurosoft.com/luxrio/demo/assets/img/testimonials/testi-shape-1-1.svg]
[html.vecurosoft.com/luxrio/demo/assets/img/shapes/ele-o-1-1.svg]
[html.vecurosoft.com/luxrio/demo/assets/img/shapes/ele-o-1-2.svg]
[html.vecurosoft.com/luxrio/demo/assets/img/quote/quote-vec-1-1.svg]
[html.vecurosoft.com/luxrio/demo/assets/img/icons/vs-icon-headphone-1.svg]
[html.vecurosoft.com/luxrio/demo/assets/img/shapes/ele-m-1-1.svg]
[html.vecurosoft.com/luxrio/demo/assets/img/shapes/ele-m-1-2.svg]
[html.vecurosoft.com/luxrio/demo/assets/img/icons/vs-icon-subscribe-1.svg]
[html.vecurosoft.com/luxrio/demo/assets/img/shapes/footer-shape-1-1.svg]
[html.vecurosoft.com/luxrio/demo/assets/fonts/fa-brands-400.html]
[html.vecurosoft.com/luxrio/demo/assets/fonts/fa-duotone-900.html]
[html.vecurosoft.com/luxrio/demo/assets/fonts/fa-light-300.html]
[html.vecurosoft.com/luxrio/demo/assets/fonts/fa-regular-400.html]
[html.vecurosoft.com/luxrio/demo/assets/fonts/fa-solid-900.html]
[html.vecurosoft.com/luxrio/demo/assets/fonts/fa-thin-100.html]
[html.vecurosoft.com/luxrio/demo/assets/fonts/fa-v4compatibility.html]
[html.vecurosoft.com/luxrio/demo/assets/img/shapes/nsp-line.svg]
[html.vecurosoft.com/luxrio/demo/assets/img/shapes/ele-p-2-1.svg]
[html.vecurosoft.com/luxrio/demo/assets/img/shapes/ele-p-2-2.svg]
[html.vecurosoft.com/luxrio/demo/assets/img/shapes/shape-3-1.svg]
[html.vecurosoft.com/luxrio/demo/assets/img/deal/deal-img2.svg]
[html.vecurosoft.com/luxrio/demo/assets/img/icons/vs-feature-icon-1-1.svg]
[html.vecurosoft.com/luxrio/demo/assets/img/icons/vs-feature-icon-1-2.svg]
[html.vecurosoft.com/luxrio/demo/assets/img/icons/vs-feature-icon-1-3.svg]
[html.vecurosoft.com/luxrio/demo/assets/img/icons/vs-feature-icon-1-4.svg]
[html.vecurosoft.com/luxrio/demo/assets/img/about/about-1-6.svg]
[html.vecurosoft.com/luxrio/demo/assets/img/about/about-1-5.svg]
[html.vecurosoft.com/luxrio/demo/assets/img/about/about-1-7.svg]
[html.vecurosoft.com/luxrio/demo/assets/img/shapes/header-bottom-shape-1.svg]
[html.vecurosoft.com/luxrio/demo/assets/img/hero/hero-h3-ele-1.svg]
[html.vecurosoft.com/luxrio/demo/assets/img/shapes/h3-ele-1.svg]
[html.vecurosoft.com/luxrio/demo/assets/img/categories/cate-ele-2-2.svg]
[html.vecurosoft.com/luxrio/demo/assets/img/categories/cate-ele-2-3.svg]
[html.vecurosoft.com/luxrio/demo/assets/img/categories/cate-ele-2-4.svg]
[html.vecurosoft.com/luxrio/demo/assets/img/shapes/title-shape-4.svg]
[html.vecurosoft.com/luxrio/demo/assets/img/shapes/title-shape-3.svg]
[html.vecurosoft.com/luxrio/demo/assets/img/shapes/dot-shape.svg]
[html.vecurosoft.com/luxrio/demo/assets/img/icons/vs-about-icon-1.svg]
[html.vecurosoft.com/luxrio/demo/assets/img/icons/vs-about-icon-2.svg]
[html.vecurosoft.com/luxrio/demo/assets/img/about/about-1-2.svg]
[html.vecurosoft.com/luxrio/demo/assets/img/shapes/dot-shape-2.svg]
[html.vecurosoft.com/luxrio/demo/assets/img/shapes/dot-shape-3.svg]
[html.vecurosoft.com/luxrio/demo/assets/img/icons/svg-blog-details-quote-icon-1-1.svg]
[html.vecurosoft.com/luxrio/demo/single-project.html]
[html.vecurosoft.com/luxrio/demo/assets/img/shapes/dot-shape-4.svg]
[html.vecurosoft.com/luxrio/demo/assets/img/icons/vs-ct-icon-1-1.svg]
[html.vecurosoft.com/luxrio/demo/assets/img/icons/vs-ct-icon-1-2.svg]
